CRITICAL - 2022-08-06 09:01:01 --> The framework needs the following extension(s) installed and loaded: intl.
in SYSTEMPATH\CodeIgniter.php on line 219.
 1 SYSTEMPATH\CodeIgniter.php(219): CodeIgniter\Exceptions\FrameworkException::forMissingExtension('intl')
 2 SYSTEMPATH\CodeIgniter.php(177): CodeIgniter\CodeIgniter->resolvePlatformExtensions()
 3 FCPATH\index.php(55): CodeIgniter\CodeIgniter->initialize()
CRITICAL - 2022-08-06 09:02:07 --> The framework needs the following extension(s) installed and loaded: intl.
in SYSTEMPATH\CodeIgniter.php on line 219.
 1 SYSTEMPATH\CodeIgniter.php(219): CodeIgniter\Exceptions\FrameworkException::forMissingExtension('intl')
 2 SYSTEMPATH\CodeIgniter.php(177): CodeIgniter\CodeIgniter->resolvePlatformExtensions()
 3 FCPATH\index.php(55): CodeIgniter\CodeIgniter->initialize()
CRITICAL - 2022-08-06 09:07:17 --> Class 'Locale' not found
in SYSTEMPATH\CodeIgniter.php on line 181.
 1 FCPATH\index.php(55): CodeIgniter\CodeIgniter->initialize()
CRITICAL - 2022-08-06 09:07:45 --> Class 'Locale' not found
in SYSTEMPATH\CodeIgniter.php on line 181.
 1 FCPATH\index.php(55): CodeIgniter\CodeIgniter->initialize()
CRITICAL - 2022-08-06 09:08:50 --> Class 'Locale' not found
in SYSTEMPATH\CodeIgniter.php on line 181.
 1 FCPATH\index.php(55): CodeIgniter\CodeIgniter->initialize()
CRITICAL - 2022-08-06 09:10:30 --> Class 'Locale' not found
in SYSTEMPATH\CodeIgniter.php on line 181.
 1 FCPATH\index.php(55): CodeIgniter\CodeIgniter->initialize()
CRITICAL - 2022-08-06 09:11:05 --> Class 'Locale' not found
in SYSTEMPATH\CodeIgniter.php on line 181.
 1 FCPATH\index.php(55): CodeIgniter\CodeIgniter->initialize()
CRITICAL - 2022-08-06 09:12:18 --> Class 'Locale' not found
in SYSTEMPATH\CodeIgniter.php on line 181.
 1 FCPATH\index.php(55): CodeIgniter\CodeIgniter->initialize()
CRITICAL - 2022-08-06 09:14:33 --> Class 'Locale' not found
in SYSTEMPATH\CodeIgniter.php on line 181.
 1 FCPATH\index.php(55): CodeIgniter\CodeIgniter->initialize()
